<?xml version="1.0" encoding="UTF-8"?>
<!-- Generated by org.testng.reporters.JUnitXMLReporter -->
<testsuite ignored="2" hostname="vishnu-HP-15-Notebook-PC" failures="0" tests="2" name="Test" time="115.843" errors="0" timestamp="2023-11-01T16:15:07 IST">
  <testcase classname="OrganizationTests.CreateOrganizationTest" name="createOrgTest" time="11.241"/>
  <testcase classname="ContactTests.CreateContactTest" name="createContactTest" time="6.093"/>
  <testcase classname="genericUtilities.BaseClass" name="@AfterSuite asConfig" time="0.0">
    <ignored/>
  </testcase> <!-- @AfterSuite asConfig -->
  <testcase classname="genericUtilities.BaseClass" name="@BeforeSuite bsConfig" time="0.0">
    <ignored/>
  </testcase> <!-- @BeforeSuite bsConfig -->
</testsuite> <!-- Test -->
