<?xml version="1.0" encoding="UTF-8"?>
<!-- Generated by org.testng.reporters.JUnitXMLReporter -->
<testsuite ignored="2" hostname="vishnu-HP-15-Notebook-PC" failures="0" tests="2" name="Test" time="56.297" errors="0" timestamp="2023-11-01T13:37:55 IST">
  <testcase classname="ContactTests.CreateContactWithOrganizationTest" name="createContactWithOrganizationTest" time="13.249"/>
  <testcase classname="OrganizationTests.CreateOrgWithIndustryAndTypeTest" name="createOrgWithIndustryAndTypeTest" time="7.486"/>
  <testcase classname="genericUtilities.BaseClass" name="@AfterSuite asConfig" time="0.0">
    <ignored/>
  </testcase> <!-- @AfterSuite asConfig -->
  <testcase classname="genericUtilities.BaseClass" name="@BeforeSuite bsConfig" time="0.0">
    <ignored/>
  </testcase> <!-- @BeforeSuite bsConfig -->
</testsuite> <!-- Test -->
