<?xml version="1.0" encoding="UTF-8"?>
<testng-results ignored="2" total="4" passed="2" failed="0" skipped="0">
  <reporter-output>
    <line>
      <![CDATA[clicked create contacts link]]>
    </line>
    <line>
      <![CDATA[created new contact]]>
    </line>
    <line>
      <![CDATA[header captured]]>
    </line>
    <line>
      <![CDATA[header validated sucessfully]]>
    </line>
  </reporter-output>
  <suite started-at="2023-11-01T16:13:11 IST" name="Suite" finished-at="2023-11-01T16:15:07 IST" duration-ms="115843">
    <groups>
      <group name="RegressionSuite">
        <method signature="CreateOrganizationTest.createOrgTest()[pri:0, instance:OrganizationTests.CreateOrganizationTest@1d9b7cce]" name="createOrgTest" class="OrganizationTests.CreateOrganizationTest"/>
      </group> <!-- RegressionSuite -->
    </groups>
    <test started-at="2023-11-01T16:13:11 IST" name="Test" finished-at="2023-11-01T16:15:07 IST" duration-ms="115843">
      <class name="OrganizationTests.CreateOrganizationTest">
        <test-method is-config="true" signature="bsConfig()[pri:0, instance:OrganizationTests.CreateOrganizationTest@1d9b7cce]" started-at="2023-11-01T16:13:11 IST" name="bsConfig" finished-at="2023-11-01T16:13:11 IST" duration-ms="26" status="PASS">
          <reporter-output>
          </reporter-output>
        </test-method> <!-- bsConfig -->
        <test-method is-config="true" signature="bcConfig()[pri:0, instance:OrganizationTests.CreateOrganizationTest@1d9b7cce]" started-at="2023-11-01T16:13:16 IST" name="bcConfig" finished-at="2023-11-01T16:14:05 IST" duration-ms="49221" status="PASS">
          <reporter-output>
          </reporter-output>
        </test-method> <!-- bcConfig -->
        <test-method is-config="true" signature="bmConfig()[pri:0, instance:OrganizationTests.CreateOrganizationTest@1d9b7cce]" started-at="2023-11-01T16:14:05 IST" name="bmConfig" finished-at="2023-11-01T16:14:21 IST" duration-ms="15421" status="PASS">
          <reporter-output>
          </reporter-output>
        </test-method> <!-- bmConfig -->
        <test-method signature="createOrgTest()[pri:0, instance:OrganizationTests.CreateOrganizationTest@1d9b7cce]" started-at="2023-11-01T16:14:21 IST" name="createOrgTest" finished-at="2023-11-01T16:14:32 IST" duration-ms="11241" status="PASS">
          <reporter-output>
          </reporter-output>
        </test-method> <!-- createOrgTest -->
        <test-method is-config="true" signature="amConfig()[pri:0, instance:OrganizationTests.CreateOrganizationTest@1d9b7cce]" started-at="2023-11-01T16:14:32 IST" name="amConfig" finished-at="2023-11-01T16:14:33 IST" duration-ms="1038" status="PASS">
          <reporter-output>
          </reporter-output>
        </test-method> <!-- amConfig -->
        <test-method is-config="true" signature="acConfig()[pri:0, instance:OrganizationTests.CreateOrganizationTest@1d9b7cce]" started-at="2023-11-01T16:14:33 IST" name="acConfig" finished-at="2023-11-01T16:14:34 IST" duration-ms="865" status="PASS">
          <reporter-output>
          </reporter-output>
        </test-method> <!-- acConfig -->
        <test-method is-config="true" signature="asConfig()[pri:0, instance:OrganizationTests.CreateOrganizationTest@1d9b7cce]" started-at="2023-11-01T16:15:13 IST" name="asConfig" finished-at="2023-11-01T16:15:13 IST" duration-ms="1" status="PASS">
          <reporter-output>
          </reporter-output>
        </test-method> <!-- asConfig -->
      </class> <!-- OrganizationTests.CreateOrganizationTest -->
      <class name="ContactTests.CreateContactTest">
        <test-method is-config="true" signature="bcConfig()[pri:0, instance:ContactTests.CreateContactTest@5fdcaa40]" started-at="2023-11-01T16:14:34 IST" name="bcConfig" finished-at="2023-11-01T16:14:50 IST" duration-ms="15529" status="PASS">
          <reporter-output>
          </reporter-output>
        </test-method> <!-- bcConfig -->
        <test-method is-config="true" signature="bmConfig()[pri:0, instance:ContactTests.CreateContactTest@5fdcaa40]" started-at="2023-11-01T16:14:50 IST" name="bmConfig" finished-at="2023-11-01T16:14:59 IST" duration-ms="9580" status="PASS">
          <reporter-output>
          </reporter-output>
        </test-method> <!-- bmConfig -->
        <test-method signature="createContactTest()[pri:0, instance:ContactTests.CreateContactTest@5fdcaa40]" started-at="2023-11-01T16:14:59 IST" name="createContactTest" finished-at="2023-11-01T16:15:05 IST" duration-ms="6093" status="PASS">
          <reporter-output>
            <line>
              <![CDATA[clicked create contacts link]]>
            </line>
            <line>
              <![CDATA[created new contact]]>
            </line>
            <line>
              <![CDATA[header captured]]>
            </line>
            <line>
              <![CDATA[header validated sucessfully]]>
            </line>
          </reporter-output>
        </test-method> <!-- createContactTest -->
        <test-method is-config="true" signature="amConfig()[pri:0, instance:ContactTests.CreateContactTest@5fdcaa40]" started-at="2023-11-01T16:15:05 IST" name="amConfig" finished-at="2023-11-01T16:15:06 IST" duration-ms="1178" status="PASS">
          <reporter-output>
          </reporter-output>
        </test-method> <!-- amConfig -->
        <test-method is-config="true" signature="acConfig()[pri:0, instance:ContactTests.CreateContactTest@5fdcaa40]" started-at="2023-11-01T16:15:06 IST" name="acConfig" finished-at="2023-11-01T16:15:07 IST" duration-ms="327" status="PASS">
          <reporter-output>
          </reporter-output>
        </test-method> <!-- acConfig -->
      </class> <!-- ContactTests.CreateContactTest -->
    </test> <!-- Test -->
  </suite> <!-- Suite -->
</testng-results>
