<?xml version="1.0" encoding="UTF-8"?>
<testng-results ignored="0" total="2" passed="2" failed="0" skipped="0">
  <reporter-output>
    <line>
      <![CDATA[clicked create contacts link]]>
    </line>
    <line>
      <![CDATA[created new contact]]>
    </line>
    <line>
      <![CDATA[header captured]]>
    </line>
    <line>
      <![CDATA[header validated sucessfully]]>
    </line>
    <line>
      <![CDATA[clicked create contacts link]]>
    </line>
    <line>
      <![CDATA[created new contact]]>
    </line>
    <line>
      <![CDATA[header captured]]>
    </line>
    <line>
      <![CDATA[header validated sucessfully]]>
    </line>
  </reporter-output>
  <suite started-at="2023-11-01T14:10:38 IST" name="Suite" finished-at="2023-11-01T14:11:25 IST" duration-ms="47275">
    <groups>
    </groups>
    <test started-at="2023-11-01T14:10:38 IST" name="Test-Runner-Chrome" finished-at="2023-11-01T14:11:10 IST" duration-ms="31704">
      <class name="ContactTests.CreateContactTest">
        <test-method is-config="true" signature="bcConfig(java.lang.String)[pri:0, instance:ContactTests.CreateContactTest@62150f9e]" started-at="2023-11-01T14:10:39 IST" name="bcConfig" finished-at="2023-11-01T14:10:48 IST" duration-ms="9749" status="PASS">
          <params>
            <param index="0">
              <value>
                <![CDATA[chrome]]>
              </value>
            </param>
          </params>
          <reporter-output>
          </reporter-output>
        </test-method> <!-- bcConfig -->
        <test-method is-config="true" signature="bmConfig()[pri:0, instance:ContactTests.CreateContactTest@62150f9e]" started-at="2023-11-01T14:10:48 IST" name="bmConfig" finished-at="2023-11-01T14:11:00 IST" duration-ms="11626" status="PASS">
          <reporter-output>
          </reporter-output>
        </test-method> <!-- bmConfig -->
        <test-method signature="createContactTest()[pri:0, instance:ContactTests.CreateContactTest@62150f9e]" started-at="2023-11-01T14:11:00 IST" name="createContactTest" finished-at="2023-11-01T14:11:08 IST" duration-ms="8373" status="PASS">
          <reporter-output>
            <line>
              <![CDATA[clicked create contacts link]]>
            </line>
            <line>
              <![CDATA[created new contact]]>
            </line>
            <line>
              <![CDATA[header captured]]>
            </line>
            <line>
              <![CDATA[header validated sucessfully]]>
            </line>
          </reporter-output>
        </test-method> <!-- createContactTest -->
        <test-method is-config="true" signature="amConfig()[pri:0, instance:ContactTests.CreateContactTest@62150f9e]" started-at="2023-11-01T14:11:08 IST" name="amConfig" finished-at="2023-11-01T14:11:09 IST" duration-ms="1159" status="PASS">
          <reporter-output>
          </reporter-output>
        </test-method> <!-- amConfig -->
        <test-method is-config="true" signature="acConfig()[pri:0, instance:ContactTests.CreateContactTest@62150f9e]" started-at="2023-11-01T14:11:09 IST" name="acConfig" finished-at="2023-11-01T14:11:10 IST" duration-ms="311" status="PASS">
          <reporter-output>
          </reporter-output>
        </test-method> <!-- acConfig -->
      </class> <!-- ContactTests.CreateContactTest -->
    </test> <!-- Test-Runner-Chrome -->
    <test started-at="2023-11-01T14:10:38 IST" name="Test-Runner-Firefox" finished-at="2023-11-01T14:11:25 IST" duration-ms="47274">
      <class name="ContactTests.CreateContactTest">
        <test-method is-config="true" signature="bsConfig()[pri:0, instance:ContactTests.CreateContactTest@77847718]" started-at="2023-11-01T14:10:38 IST" name="bsConfig" finished-at="2023-11-01T14:10:38 IST" duration-ms="19" status="PASS">
          <reporter-output>
          </reporter-output>
        </test-method> <!-- bsConfig -->
        <test-method is-config="true" signature="bcConfig(java.lang.String)[pri:0, instance:ContactTests.CreateContactTest@77847718]" started-at="2023-11-01T14:10:39 IST" name="bcConfig" finished-at="2023-11-01T14:11:08 IST" duration-ms="29729" status="PASS">
          <params>
            <param index="0">
              <value>
                <![CDATA[firefox]]>
              </value>
            </param>
          </params>
          <reporter-output>
          </reporter-output>
        </test-method> <!-- bcConfig -->
        <test-method is-config="true" signature="bmConfig()[pri:0, instance:ContactTests.CreateContactTest@77847718]" started-at="2023-11-01T14:11:08 IST" name="bmConfig" finished-at="2023-11-01T14:11:15 IST" duration-ms="6656" status="PASS">
          <reporter-output>
          </reporter-output>
        </test-method> <!-- bmConfig -->
        <test-method signature="createContactTest()[pri:0, instance:ContactTests.CreateContactTest@77847718]" started-at="2023-11-01T14:11:15 IST" name="createContactTest" finished-at="2023-11-01T14:11:22 IST" duration-ms="7362" status="PASS">
          <reporter-output>
            <line>
              <![CDATA[clicked create contacts link]]>
            </line>
            <line>
              <![CDATA[created new contact]]>
            </line>
            <line>
              <![CDATA[header captured]]>
            </line>
            <line>
              <![CDATA[header validated sucessfully]]>
            </line>
          </reporter-output>
        </test-method> <!-- createContactTest -->
        <test-method is-config="true" signature="amConfig()[pri:0, instance:ContactTests.CreateContactTest@77847718]" started-at="2023-11-01T14:11:22 IST" name="amConfig" finished-at="2023-11-01T14:11:23 IST" duration-ms="1074" status="PASS">
          <reporter-output>
          </reporter-output>
        </test-method> <!-- amConfig -->
        <test-method is-config="true" signature="acConfig()[pri:0, instance:ContactTests.CreateContactTest@77847718]" started-at="2023-11-01T14:11:23 IST" name="acConfig" finished-at="2023-11-01T14:11:25 IST" duration-ms="1997" status="PASS">
          <reporter-output>
          </reporter-output>
        </test-method> <!-- acConfig -->
        <test-method is-config="true" signature="asConfig()[pri:0, instance:ContactTests.CreateContactTest@77847718]" started-at="2023-11-01T14:11:25 IST" name="asConfig" finished-at="2023-11-01T14:11:25 IST" duration-ms="0" status="PASS">
          <reporter-output>
          </reporter-output>
        </test-method> <!-- asConfig -->
      </class> <!-- ContactTests.CreateContactTest -->
    </test> <!-- Test-Runner-Firefox -->
  </suite> <!-- Suite -->
</testng-results>
